This file contains any messages produced by compilers while
running configure, to aid debugging if configure makes a mistake.

It was created by configure, which was
generated by GNU Autoconf 2.59.  Invocation command line was

  $ /home/jonathan/Prods/prog/c/agneauEtLoupsSelf/agneauetloupself/configure --enable-debug=full

## --------- ##
## Platform. ##
## --------- ##

hostname = jonathan
uname -m = i686
uname -r = 2.6.12-8-386
uname -s = Linux
uname -v = #1 Tue Aug 30 22:41:30 BST 2005

/usr/bin/uname -p = unknown
/bin/uname -X     = unknown

/bin/arch              = i686
/usr/bin/arch -k       = unknown
/usr/convex/getsysinfo = unknown
hostinfo               = unknown
/bin/machine           = unknown
/usr/bin/oslevel       = unknown
/bin/universe          = unknown

PATH: /usr/local/sbin
PATH: /usr/local/bin
PATH: /usr/sbin
PATH: /usr/bin
PATH: /sbin
PATH: /bin
PATH: /usr/bin/X11
PATH: /usr/games


## ----------- ##
## Core tests. ##
## ----------- ##

configure:1298: checking for a BSD-compatible install
configure:1353: result: /usr/bin/install -c
configure:1364: checking whether build environment is sane
configure:1407: result: yes
configure:1472: checking for gawk
configure:1501: result: no
configure:1472: checking for mawk
configure:1488: found /usr/bin/mawk
configure:1498: result: mawk
configure:1508: checking whether make sets $(MAKE)
configure:1528: result: yes
configure:1749: checking for gcc
configure:1765: found /usr/bin/gcc
configure:1775: result: gcc
configure:2019: checking for C compiler version
configure:2022: gcc --version </dev/null >&5
gcc (GCC) 4.0.2 20050808 (prerelease) (Ubuntu 4.0.1-4ubuntu9)
Copyright (C) 2005 Free Software Foundation, Inc.
This is free software; see the source for copying conditions.  There is NO
warranty; not even for MERCHANTABILITY or FITNESS FOR A PARTICULAR PURPOSE.

configure:2025: $? = 0
configure:2027: gcc -v </dev/null >&5
Using built-in specs.
Target: i486-linux-gnu
Configured with: ../src/configure -v --enable-languages=c,c++,java,f95,objc,ada,treelang --prefix=/usr --with-gxx-include-dir=/usr/include/c++/4.0.2 --enable-shared --with-system-zlib --libexecdir=/usr/lib --enable-nls --without-included-gettext --enable-threads=posix --program-suffix=-4.0 --enable-__cxa_atexit --enable-libstdcxx-allocator=mt --enable-clocale=gnu --enable-libstdcxx-debug --enable-java-gc=boehm --enable-java-awt=gtk --enable-gtk-cairo --with-java-home=/usr/lib/jvm/java-1.4.2-gcj-4.0-1.4.2.0/jre --enable-mpfr --disable-werror --enable-checking=release i486-linux-gnu
Thread model: posix
gcc version 4.0.2 20050808 (prerelease) (Ubuntu 4.0.1-4ubuntu9)
configure:2030: $? = 0
configure:2032: gcc -V </dev/null >&5
gcc: '-V' option must have argument
configure:2035: $? = 1
configure:2058: checking for C compiler default output file name
configure:2061: gcc -O0 -g3 -I/usr/include/gtk-2.0 -I/usr/lib/gtk-2.0/include -I/usr/include/atk-1.0 -I/usr/include/cairo -I/usr/include/pango-1.0 -I/usr/include/glib-2.0 -I/usr/lib/glib-2.0/include  -lgtk-x11-2.0 -lgdk-x11-2.0 -latk-1.0 -lgdk_pixbuf-2.0 -lm -lpangocairo-1.0 -lfontconfig -lXinerama -lXi -lXrandr -lXext -lXcursor -lXfixes -lpango-1.0 -lcairo -lXrender -lX11 -lgobject-2.0 -lgmodule-2.0 -ldl -lglib-2.0     conftest.c  >&5
configure:2064: $? = 0
configure:2110: result: a.out
configure:2115: checking whether the C compiler works
configure:2121: ./a.out
configure:2124: $? = 0
configure:2141: result: yes
configure:2148: checking whether we are cross compiling
configure:2150: result: no
configure:2153: checking for suffix of executables
configure:2155: gcc -o conftest -O0 -g3 -I/usr/include/gtk-2.0 -I/usr/lib/gtk-2.0/include -I/usr/include/atk-1.0 -I/usr/include/cairo -I/usr/include/pango-1.0 -I/usr/include/glib-2.0 -I/usr/lib/glib-2.0/include  -lgtk-x11-2.0 -lgdk-x11-2.0 -latk-1.0 -lgdk_pixbuf-2.0 -lm -lpangocairo-1.0 -lfontconfig -lXinerama -lXi -lXrandr -lXext -lXcursor -lXfixes -lpango-1.0 -lcairo -lXrender -lX11 -lgobject-2.0 -lgmodule-2.0 -ldl -lglib-2.0     conftest.c  >&5
configure:2158: $? = 0
configure:2183: result: 
configure:2189: checking for suffix of object files
configure:2210: gcc -c -O0 -g3 -I/usr/include/gtk-2.0 -I/usr/lib/gtk-2.0/include -I/usr/include/atk-1.0 -I/usr/include/cairo -I/usr/include/pango-1.0 -I/usr/include/glib-2.0 -I/usr/lib/glib-2.0/include  -lgtk-x11-2.0 -lgdk-x11-2.0 -latk-1.0 -lgdk_pixbuf-2.0 -lm -lpangocairo-1.0 -lfontconfig -lXinerama -lXi -lXrandr -lXext -lXcursor -lXfixes -lpango-1.0 -lcairo -lXrender -lX11 -lgobject-2.0 -lgmodule-2.0 -ldl -lglib-2.0    conftest.c >&5
gcc: -lgtk-x11-2.0: linker input file unused because linking not done
gcc: -lgdk-x11-2.0: linker input file unused because linking not done
gcc: -latk-1.0: linker input file unused because linking not done
gcc: -lgdk_pixbuf-2.0: linker input file unused because linking not done
gcc: -lm: linker input file unused because linking not done
gcc: -lpangocairo-1.0: linker input file unused because linking not done
gcc: -lfontconfig: linker input file unused because linking not done
gcc: -lXinerama: linker input file unused because linking not done
gcc: -lXi: linker input file unused because linking not done
gcc: -lXrandr: linker input file unused because linking not done
gcc: -lXext: linker input file unused because linking not done
gcc: -lXcursor: linker input file unused because linking not done
gcc: -lXfixes: linker input file unused because linking not done
gcc: -lpango-1.0: linker input file unused because linking not done
gcc: -lcairo: linker input file unused because linking not done
gcc: -lXrender: linker input file unused because linking not done
gcc: -lX11: linker input file unused because linking not done
gcc: -lgobject-2.0: linker input file unused because linking not done
gcc: -lgmodule-2.0: linker input file unused because linking not done
gcc: -ldl: linker input file unused because linking not done
gcc: -lglib-2.0: linker input file unused because linking not done
configure:2213: $? = 0
configure:2235: result: o
configure:2239: checking whether we are using the GNU C compiler
configure:2263: gcc -c -O0 -g3 -I/usr/include/gtk-2.0 -I/usr/lib/gtk-2.0/include -I/usr/include/atk-1.0 -I/usr/include/cairo -I/usr/include/pango-1.0 -I/usr/include/glib-2.0 -I/usr/lib/glib-2.0/include  -lgtk-x11-2.0 -lgdk-x11-2.0 -latk-1.0 -lgdk_pixbuf-2.0 -lm -lpangocairo-1.0 -lfontconfig -lXinerama -lXi -lXrandr -lXext -lXcursor -lXfixes -lpango-1.0 -lcairo -lXrender -lX11 -lgobject-2.0 -lgmodule-2.0 -ldl -lglib-2.0    conftest.c >&5
gcc: -lgtk-x11-2.0: linker input file unused because linking not done
gcc: -lgdk-x11-2.0: linker input file unused because linking not done
gcc: -latk-1.0: linker input file unused because linking not done
gcc: -lgdk_pixbuf-2.0: linker input file unused because linking not done
gcc: -lm: linker input file unused because linking not done
gcc: -lpangocairo-1.0: linker input file unused because linking not done
gcc: -lfontconfig: linker input file unused because linking not done
gcc: -lXinerama: linker input file unused because linking not done
gcc: -lXi: linker input file unused because linking not done
gcc: -lXrandr: linker input file unused because linking not done
gcc: -lXext: linker input file unused because linking not done
gcc: -lXcursor: linker input file unused because linking not done
gcc: -lXfixes: linker input file unused because linking not done
gcc: -lpango-1.0: linker input file unused because linking not done
gcc: -lcairo: linker input file unused because linking not done
gcc: -lXrender: linker input file unused because linking not done
gcc: -lX11: linker input file unused because linking not done
gcc: -lgobject-2.0: linker input file unused because linking not done
gcc: -lgmodule-2.0: linker input file unused because linking not done
gcc: -ldl: linker input file unused because linking not done
gcc: -lglib-2.0: linker input file unused because linking not done
configure:2269: $? = 0
configure:2272: test -z 			 || test ! -s conftest.err
configure:2275: $? = 0
configure:2278: test -s conftest.o
configure:2281: $? = 0
configure:2294: result: yes
configure:2300: checking whether gcc accepts -g
configure:2321: gcc -c -g  conftest.c >&5
configure:2327: $? = 0
configure:2330: test -z 			 || test ! -s conftest.err
configure:2333: $? = 0
configure:2336: test -s conftest.o
configure:2339: $? = 0
configure:2350: result: yes
configure:2367: checking for gcc option to accept ANSI C
configure:2437: gcc  -c -O0 -g3 -I/usr/include/gtk-2.0 -I/usr/lib/gtk-2.0/include -I/usr/include/atk-1.0 -I/usr/include/cairo -I/usr/include/pango-1.0 -I/usr/include/glib-2.0 -I/usr/lib/glib-2.0/include  -lgtk-x11-2.0 -lgdk-x11-2.0 -latk-1.0 -lgdk_pixbuf-2.0 -lm -lpangocairo-1.0 -lfontconfig -lXinerama -lXi -lXrandr -lXext -lXcursor -lXfixes -lpango-1.0 -lcairo -lXrender -lX11 -lgobject-2.0 -lgmodule-2.0 -ldl -lglib-2.0    conftest.c >&5
gcc: -lgtk-x11-2.0: linker input file unused because linking not done
gcc: -lgdk-x11-2.0: linker input file unused because linking not done
gcc: -latk-1.0: linker input file unused because linking not done
gcc: -lgdk_pixbuf-2.0: linker input file unused because linking not done
gcc: -lm: linker input file unused because linking not done
gcc: -lpangocairo-1.0: linker input file unused because linking not done
gcc: -lfontconfig: linker input file unused because linking not done
gcc: -lXinerama: linker input file unused because linking not done
gcc: -lXi: linker input file unused because linking not done
gcc: -lXrandr: linker input file unused because linking not done
gcc: -lXext: linker input file unused because linking not done
gcc: -lXcursor: linker input file unused because linking not done
gcc: -lXfixes: linker input file unused because linking not done
gcc: -lpango-1.0: linker input file unused because linking not done
gcc: -lcairo: linker input file unused because linking not done
gcc: -lXrender: linker input file unused because linking not done
gcc: -lX11: linker input file unused because linking not done
gcc: -lgobject-2.0: linker input file unused because linking not done
gcc: -lgmodule-2.0: linker input file unused because linking not done
gcc: -ldl: linker input file unused because linking not done
gcc: -lglib-2.0: linker input file unused because linking not done
configure:2443: $? = 0
configure:2446: test -z 			 || test ! -s conftest.err
configure:2449: $? = 0
configure:2452: test -s conftest.o
configure:2455: $? = 0
configure:2473: result: none needed
configure:2491: gcc -c -O0 -g3 -I/usr/include/gtk-2.0 -I/usr/lib/gtk-2.0/include -I/usr/include/atk-1.0 -I/usr/include/cairo -I/usr/include/pango-1.0 -I/usr/include/glib-2.0 -I/usr/lib/glib-2.0/include  -lgtk-x11-2.0 -lgdk-x11-2.0 -latk-1.0 -lgdk_pixbuf-2.0 -lm -lpangocairo-1.0 -lfontconfig -lXinerama -lXi -lXrandr -lXext -lXcursor -lXfixes -lpango-1.0 -lcairo -lXrender -lX11 -lgobject-2.0 -lgmodule-2.0 -ldl -lglib-2.0    conftest.c >&5
conftest.c:2: error: syntax error before 'me'
configure:2497: $? = 1
configure: failed program was:
| #ifndef __cplusplus
|   choke me
| #endif
configure:2638: checking for style of include used by make
configure:2666: result: GNU
configure:2694: checking dependency style of gcc
configure:2784: result: gcc3
configure:2913: creating ./config.status

## ---------------------- ##
## Running config.status. ##
## ---------------------- ##

This file was extended by config.status, which was
generated by GNU Autoconf 2.59.  Invocation command line was

  CONFIG_FILES    = 
  CONFIG_HEADERS  = 
  CONFIG_LINKS    = 
  CONFIG_COMMANDS = 
  $ ./config.status 

on jonathan

config.status:727: creating Makefile
config.status:727: creating src/Makefile
config.status:786: creating config.h
config.status:1052: executing depfiles commands

## ---------------- ##
## Cache variables. ##
## ---------------- ##

ac_cv_c_compiler_gnu=yes
ac_cv_env_CC_set=
ac_cv_env_CC_value=
ac_cv_env_CFLAGS_set=set
ac_cv_env_CFLAGS_value='-O0 -g3 -I/usr/include/gtk-2.0 -I/usr/lib/gtk-2.0/include -I/usr/include/atk-1.0 -I/usr/include/cairo -I/usr/include/pango-1.0 -I/usr/include/glib-2.0 -I/usr/lib/glib-2.0/include  -lgtk-x11-2.0 -lgdk-x11-2.0 -latk-1.0 -lgdk_pixbuf-2.0 -lm -lpangocairo-1.0 -lfontconfig -lXinerama -lXi -lXrandr -lXext -lXcursor -lXfixes -lpango-1.0 -lcairo -lXrender -lX11 -lgobject-2.0 -lgmodule-2.0 -ldl -lglib-2.0  '
ac_cv_env_CPPFLAGS_set=
ac_cv_env_CPPFLAGS_value=
ac_cv_env_LDFLAGS_set=
ac_cv_env_LDFLAGS_value=
ac_cv_env_build_alias_set=
ac_cv_env_build_alias_value=
ac_cv_env_host_alias_set=
ac_cv_env_host_alias_value=
ac_cv_env_target_alias_set=
ac_cv_env_target_alias_value=
ac_cv_exeext=
ac_cv_objext=o
ac_cv_path_install='/usr/bin/install -c'
ac_cv_prog_AWK=mawk
ac_cv_prog_ac_ct_CC=gcc
ac_cv_prog_cc_g=yes
ac_cv_prog_cc_stdc=
ac_cv_prog_make_make_set=yes
am_cv_CC_dependencies_compiler_type=gcc3

## ----------------- ##
## Output variables. ##
## ----------------- ##

ACLOCAL='${SHELL} /home/jonathan/Prods/prog/c/agneauEtLoupsSelf/agneauetloupself/missing --run aclocal-1.9'
AMDEPBACKSLASH='\'
AMDEP_FALSE='#'
AMDEP_TRUE=''
AMTAR='${SHELL} /home/jonathan/Prods/prog/c/agneauEtLoupsSelf/agneauetloupself/missing --run tar'
AUTOCONF='${SHELL} /home/jonathan/Prods/prog/c/agneauEtLoupsSelf/agneauetloupself/missing --run autoconf'
AUTOHEADER='${SHELL} /home/jonathan/Prods/prog/c/agneauEtLoupsSelf/agneauetloupself/missing --run autoheader'
AUTOMAKE='${SHELL} /home/jonathan/Prods/prog/c/agneauEtLoupsSelf/agneauetloupself/missing --run automake-1.9'
AWK='mawk'
CC='gcc'
CCDEPMODE='depmode=gcc3'
CFLAGS='-O0 -g3 -I/usr/include/gtk-2.0 -I/usr/lib/gtk-2.0/include -I/usr/include/atk-1.0 -I/usr/include/cairo -I/usr/include/pango-1.0 -I/usr/include/glib-2.0 -I/usr/lib/glib-2.0/include  -lgtk-x11-2.0 -lgdk-x11-2.0 -latk-1.0 -lgdk_pixbuf-2.0 -lm -lpangocairo-1.0 -lfontconfig -lXinerama -lXi -lXrandr -lXext -lXcursor -lXfixes -lpango-1.0 -lcairo -lXrender -lX11 -lgobject-2.0 -lgmodule-2.0 -ldl -lglib-2.0  '
CPPFLAGS=''
CYGPATH_W='echo'
DEFS='-DHAVE_CONFIG_H'
DEPDIR='.deps'
ECHO_C=''
ECHO_N='-n'
ECHO_T=''
EXEEXT=''
INSTALL_DATA='${INSTALL} -m 644'
INSTALL_PROGRAM='${INSTALL}'
INSTALL_SCRIPT='${INSTALL}'
INSTALL_STRIP_PROGRAM='${SHELL} $(install_sh) -c -s'
LDFLAGS=''
LIBOBJS=''
LIBS=''
LTLIBOBJS=''
MAKEINFO='${SHELL} /home/jonathan/Prods/prog/c/agneauEtLoupsSelf/agneauetloupself/missing --run makeinfo'
OBJEXT='o'
PACKAGE='agneauetloupself'
PACKAGE_BUGREPORT=''
PACKAGE_NAME=''
PACKAGE_STRING=''
PACKAGE_TARNAME=''
PACKAGE_VERSION=''
PATH_SEPARATOR=':'
SET_MAKE=''
SHELL='/bin/sh'
STRIP=''
VERSION='0.1'
ac_ct_CC='gcc'
ac_ct_STRIP=''
am__fastdepCC_FALSE='#'
am__fastdepCC_TRUE=''
am__include='include'
am__leading_dot='.'
am__quote=''
am__tar='${AMTAR} chof - "$$tardir"'
am__untar='${AMTAR} xf -'
bindir='${exec_prefix}/bin'
build_alias=''
datadir='${prefix}/share'
exec_prefix='${prefix}'
host_alias=''
includedir='${prefix}/include'
infodir='${prefix}/info'
install_sh='/home/jonathan/Prods/prog/c/agneauEtLoupsSelf/agneauetloupself/install-sh'
libdir='${exec_prefix}/lib'
libexecdir='${exec_prefix}/libexec'
localstatedir='${prefix}/var'
mandir='${prefix}/man'
mkdir_p='mkdir -p --'
oldincludedir='/usr/include'
prefix='/usr/local'
program_transform_name='s,x,x,'
sbindir='${exec_prefix}/sbin'
sharedstatedir='${prefix}/com'
sysconfdir='${prefix}/etc'
target_alias=''

## ----------- ##
## confdefs.h. ##
## ----------- ##

#define PACKAGE "agneauetloupself"
#define PACKAGE_BUGREPORT ""
#define PACKAGE_NAME ""
#define PACKAGE_STRING ""
#define PACKAGE_TARNAME ""
#define PACKAGE_VERSION ""
#define VERSION "0.1"

configure: exit 0

## ---------------------- ##
## Running config.status. ##
## ---------------------- ##

This file was extended by config.status, which was
generated by GNU Autoconf 2.59.  Invocation command line was

  CONFIG_FILES    = 
  CONFIG_HEADERS  = 
  CONFIG_LINKS    = 
  CONFIG_COMMANDS = 
  $ ./config.status src/Makefile depfiles

on jonathan

config.status:727: creating src/Makefile
config.status:1052: executing depfiles commands

## ---------------------- ##
## Running config.status. ##
## ---------------------- ##

This file was extended by config.status, which was
generated by GNU Autoconf 2.59.  Invocation command line was

  CONFIG_FILES    = 
  CONFIG_HEADERS  = 
  CONFIG_LINKS    = 
  CONFIG_COMMANDS = 
  $ ./config.status src/Makefile depfiles

on jonathan

config.status:727: creating src/Makefile
config.status:1052: executing depfiles commands

## ---------------------- ##
## Running config.status. ##
## ---------------------- ##

This file was extended by config.status, which was
generated by GNU Autoconf 2.59.  Invocation command line was

  CONFIG_FILES    = 
  CONFIG_HEADERS  = 
  CONFIG_LINKS    = 
  CONFIG_COMMANDS = 
  $ ./config.status src/Makefile depfiles

on jonathan

config.status:727: creating src/Makefile
config.status:1052: executing depfiles commands

## ---------------------- ##
## Running config.status. ##
## ---------------------- ##

This file was extended by config.status, which was
generated by GNU Autoconf 2.59.  Invocation command line was

  CONFIG_FILES    = 
  CONFIG_HEADERS  = 
  CONFIG_LINKS    = 
  CONFIG_COMMANDS = 
  $ ./config.status src/Makefile depfiles

on jonathan

config.status:727: creating src/Makefile
config.status:1052: executing depfiles commands

## ---------------------- ##
## Running config.status. ##
## ---------------------- ##

This file was extended by config.status, which was
generated by GNU Autoconf 2.59.  Invocation command line was

  CONFIG_FILES    = 
  CONFIG_HEADERS  = 
  CONFIG_LINKS    = 
  CONFIG_COMMANDS = 
  $ ./config.status src/Makefile depfiles

on jonathan

config.status:727: creating src/Makefile
config.status:1052: executing depfiles commands

## ---------------------- ##
## Running config.status. ##
## ---------------------- ##

This file was extended by config.status, which was
generated by GNU Autoconf 2.59.  Invocation command line was

  CONFIG_FILES    = 
  CONFIG_HEADERS  = 
  CONFIG_LINKS    = 
  CONFIG_COMMANDS = 
  $ ./config.status src/Makefile depfiles

on jonathan

config.status:727: creating src/Makefile
config.status:1052: executing depfiles commands

## ---------------------- ##
## Running config.status. ##
## ---------------------- ##

This file was extended by config.status, which was
generated by GNU Autoconf 2.59.  Invocation command line was

  CONFIG_FILES    = 
  CONFIG_HEADERS  = 
  CONFIG_LINKS    = 
  CONFIG_COMMANDS = 
  $ ./config.status src/Makefile depfiles

on jonathan

config.status:727: creating src/Makefile
config.status:1052: executing depfiles commands
